<?xml version="1.0" encoding="UTF-8"?>
<!-- Generated by org.testng.reporters.JUnitReportReporter -->
<testsuite hostname="admins-MacBook-Pro.local" failures="0" tests="1" name="tests.auth.LoginTest" time="4.743" errors="0" timestamp="2022-12-12T06:44:26 EET" skipped="0">
  <testcase classname="tests.auth.LoginTest" name="searchProduct" time="4.743"/>
  <system-out/>
</testsuite> <!-- tests.auth.LoginTest -->
